build/app/intermediates/manifest_merge_blame_file/debug/manifest-merger-blame-debug-report.txt
1<?xml version="1.0" encoding="utf-8"?>
2<manifest xmlns:android="http://schemas.android.com/apk/res/android"
3    package="com.example.snaporia_test"
4    android:versionCode="1"
5    android:versionName="1.0.0" >
6
7    <uses-sdk
8        android:minSdkVersion="21"
9        android:targetSdkVersion="35" />
10    <!--
11         The INTERNET permission is required for development. Specifically,
12         the Flutter tool needs it to communicate with the running application
13         to allow setting breakpoints, to provide hot reload, etc.
14    -->
15    <uses-permission android:name="android.permission.INTERNET" />
15-->src/main/AndroidManifest.xml:2:5-66
15-->src/main/AndroidManifest.xml:2:22-64
16    <!-- Android 13 이상을 위한 권한 -->
17    <uses-permission android:name="android.permission.READ_MEDIA_IMAGES" />
17-->src/main/AndroidManifest.xml:4:5-76
17-->src/main/AndroidManifest.xml:4:22-73
18    <uses-permission android:name="android.permission.READ_MEDIA_VIDEO" />
18-->src/main/AndroidManifest.xml:5:5-75
18-->src/main/AndroidManifest.xml:5:22-72
19    <uses-permission android:name="android.permission.READ_MEDIA_AUDIO" /> <!-- Android 12 이하를 위한 권한 -->
19-->src/main/AndroidManifest.xml:6:5-75
19-->src/main/AndroidManifest.xml:6:22-72
20    <uses-permission
20-->src/main/AndroidManifest.xml:9:5-107
21        android:name="android.permission.READ_EXTERNAL_STORAGE"
21-->src/main/AndroidManifest.xml:9:22-77
22        android:maxSdkVersion="32" />
22-->src/main/AndroidManifest.xml:9:78-104
23    <uses-permission
23-->src/main/AndroidManifest.xml:10:5-108
24        android:name="android.permission.WRITE_EXTERNAL_STORAGE"
24-->src/main/AndroidManifest.xml:10:22-78
25        android:maxSdkVersion="32" />
25-->src/main/AndroidManifest.xml:10:79-105
26    <!--
27 Required to query activities that can process text, see:
28         https://developer.android.com/training/package-visibility and
29         https://developer.android.com/reference/android/content/Intent#ACTION_PROCESS_TEXT.
30
31         In particular, this is used by the Flutter engine in io.flutter.plugin.text.ProcessTextPlugin.
32    -->
33    <queries>
33-->src/main/AndroidManifest.xml:49:5-54:15
34        <intent>
34-->src/main/AndroidManifest.xml:50:9-53:18
35            <action android:name="android.intent.action.PROCESS_TEXT" />
35-->src/main/AndroidManifest.xml:51:13-72
35-->src/main/AndroidManifest.xml:51:21-70
36
37            <data android:mimeType="text/plain" />
37-->src/main/AndroidManifest.xml:52:13-50
37-->src/main/AndroidManifest.xml:52:19-48
38        </intent>
39    </queries> <!-- For allowlist service -->
40    <uses-permission android:name="android.permission.ACCESS_NETWORK_STATE" />
40-->[com.google.mlkit:vision-internal-vkp:18.2.3] AndroidManifest.xml:7:5-79
40-->[com.google.mlkit:vision-internal-vkp:18.2.3] AndroidManifest.xml:7:22-76
41    <uses-permission android:name="android.permission.WAKE_LOCK" /> <!-- Required by older versions of Google Play services to create IID tokens -->
41-->[com.google.firebase:firebase-iid:20.1.5] AndroidManifest.xml:24:5-68
41-->[com.google.firebase:firebase-iid:20.1.5] AndroidManifest.xml:24:22-65
42    <uses-permission android:name="com.google.android.c2dm.permission.RECEIVE" />
42-->[com.google.firebase:firebase-iid:20.1.5] AndroidManifest.xml:26:5-82
42-->[com.google.firebase:firebase-iid:20.1.5] AndroidManifest.xml:26:22-79
43
44    <permission
44-->[androidx.core:core:1.13.1] AndroidManifest.xml:22:5-24:47
45        android:name="com.example.snaporia_test.DYNAMIC_RECEIVER_NOT_EXPORTED_PERMISSION"
45-->[androidx.core:core:1.13.1] AndroidManifest.xml:23:9-81
46        android:protectionLevel="signature" />
46-->[androidx.core:core:1.13.1] AndroidManifest.xml:24:9-44
47
48    <uses-permission android:name="com.example.snaporia_test.DYNAMIC_RECEIVER_NOT_EXPORTED_PERMISSION" />
48-->[androidx.core:core:1.13.1] AndroidManifest.xml:26:5-97
48-->[androidx.core:core:1.13.1] AndroidManifest.xml:26:22-94
49
50    <application
51        android:name="android.app.Application"
52        android:appComponentFactory="androidx.core.app.CoreComponentFactory"
52-->[androidx.core:core:1.13.1] AndroidManifest.xml:28:18-86
53        android:debuggable="true"
54        android:extractNativeLibs="true"
55        android:icon="@mipmap/ic_launcher"
56        android:label="snaporia" >
57        <activity
58            android:name="com.example.snaporia_test.MainActivity"
59            android:configChanges="orientation|keyboardHidden|keyboard|screenSize|smallestScreenSize|locale|layoutDirection|fontScale|screenLayout|density|uiMode"
60            android:exported="true"
61            android:hardwareAccelerated="true"
62            android:launchMode="singleTop"
63            android:taskAffinity=""
64            android:theme="@style/LaunchTheme"
65            android:windowSoftInputMode="adjustResize" >
66
67            <!--
68                 Specifies an Android theme to apply to this Activity as soon as
69                 the Android process has started. This theme is visible to the user
70                 while the Flutter UI initializes. After that, this theme continues
71                 to determine the Window background behind the Flutter UI.
72            -->
73            <meta-data
74                android:name="io.flutter.embedding.android.NormalTheme"
75                android:resource="@style/NormalTheme" />
76
77            <intent-filter>
78                <action android:name="android.intent.action.MAIN" />
79
80                <category android:name="android.intent.category.LAUNCHER" />
81            </intent-filter>
82        </activity>
83        <!--
84             Don't delete the meta-data below.
85             This is used by the Flutter tool to generate GeneratedPluginRegistrant.java
86        -->
87        <meta-data
88            android:name="flutterEmbedding"
89            android:value="2" />
90        <!--
91           Declares a provider which allows us to store files to share in
92           '.../caches/share_plus' and grant the receiving action access
93        -->
94        <provider
94-->[:share_plus] AndroidManifest.xml:13:9-21:20
95            android:name="dev.fluttercommunity.plus.share.ShareFileProvider"
95-->[:share_plus] AndroidManifest.xml:14:13-77
96            android:authorities="com.example.snaporia_test.flutter.share_provider"
96-->[:share_plus] AndroidManifest.xml:15:13-74
97            android:exported="false"
97-->[:share_plus] AndroidManifest.xml:16:13-37
98            android:grantUriPermissions="true" >
98-->[:share_plus] AndroidManifest.xml:17:13-47
99            <meta-data
99-->[:share_plus] AndroidManifest.xml:18:13-20:68
100                android:name="android.support.FILE_PROVIDER_PATHS"
100-->[:share_plus] AndroidManifest.xml:19:17-67
101                android:resource="@xml/flutter_share_file_paths" />
101-->[:share_plus] AndroidManifest.xml:20:17-65
102        </provider>
103        <!--
104           This manifest declared broadcast receiver allows us to use an explicit
105           Intent when creating a PendingItent to be informed of the user's choice
106        -->
107        <receiver
107-->[:share_plus] AndroidManifest.xml:26:9-32:20
108            android:name="dev.fluttercommunity.plus.share.SharePlusPendingIntent"
108-->[:share_plus] AndroidManifest.xml:27:13-82
109            android:exported="false" >
109-->[:share_plus] AndroidManifest.xml:28:13-37
110            <intent-filter>
110-->[:share_plus] AndroidManifest.xml:29:13-31:29
111                <action android:name="EXTRA_CHOSEN_COMPONENT" />
111-->[:share_plus] AndroidManifest.xml:30:17-65
111-->[:share_plus] AndroidManifest.xml:30:25-62
112            </intent-filter>
113        </receiver>
114
115        <service
115-->[com.google.mlkit:image-labeling:17.0.9] AndroidManifest.xml:8:9-14:19
116            android:name="com.google.mlkit.common.internal.MlKitComponentDiscoveryService"
116-->[com.google.mlkit:image-labeling:17.0.9] AndroidManifest.xml:9:13-91
117            android:directBootAware="true"
117-->[com.google.mlkit:common:18.11.0] AndroidManifest.xml:17:13-43
118            android:exported="false" >
118-->[com.google.mlkit:image-labeling:17.0.9] AndroidManifest.xml:10:13-37
119            <meta-data
119-->[com.google.mlkit:image-labeling:17.0.9] AndroidManifest.xml:11:13-13:85
120                android:name="com.google.firebase.components:com.google.mlkit.vision.label.defaults.internal.BundledLabelRegistrar"
120-->[com.google.mlkit:image-labeling:17.0.9] AndroidManifest.xml:12:17-132
121                android:value="com.google.firebase.components.ComponentRegistrar" />
121-->[com.google.mlkit:image-labeling:17.0.9] AndroidManifest.xml:13:17-82
122            <meta-data
122-->[com.google.mlkit:image-labeling-custom:17.0.3] AndroidManifest.xml:11:13-13:85
123                android:name="com.google.firebase.components:com.google.mlkit.vision.label.custom.internal.CustomLabelRegistrar"
123-->[com.google.mlkit:image-labeling-custom:17.0.3] AndroidManifest.xml:12:17-129
124                android:value="com.google.firebase.components.ComponentRegistrar" />
124-->[com.google.mlkit:image-labeling-custom:17.0.3] AndroidManifest.xml:13:17-82
125            <meta-data
125-->[com.google.mlkit:vision-internal-vkp:18.2.3] AndroidManifest.xml:14:13-16:85
126                android:name="com.google.firebase.components:com.google.mlkit.vision.vkp.VkpRegistrar"
126-->[com.google.mlkit:vision-internal-vkp:18.2.3] AndroidManifest.xml:15:17-103
127                android:value="com.google.firebase.components.ComponentRegistrar" />
127-->[com.google.mlkit:vision-internal-vkp:18.2.3] AndroidManifest.xml:16:17-82
128            <meta-data
128-->[com.google.mlkit:vision-common:17.3.0] AndroidManifest.xml:12:13-14:85
129                android:name="com.google.firebase.components:com.google.mlkit.vision.common.internal.VisionCommonRegistrar"
129-->[com.google.mlkit:vision-common:17.3.0] AndroidManifest.xml:13:17-124
130                android:value="com.google.firebase.components.ComponentRegistrar" />
130-->[com.google.mlkit:vision-common:17.3.0] AndroidManifest.xml:14:17-82
131            <meta-data
131-->[com.google.mlkit:linkfirebase:17.0.0] AndroidManifest.xml:12:13-14:85
132                android:name="com.google.firebase.components:com.google.mlkit.linkfirebase.internal.LinkFirebaseComponentRegistrar"
132-->[com.google.mlkit:linkfirebase:17.0.0] AndroidManifest.xml:13:17-132
133                android:value="com.google.firebase.components.ComponentRegistrar" />
133-->[com.google.mlkit:linkfirebase:17.0.0] AndroidManifest.xml:14:17-82
134            <meta-data
134-->[com.google.mlkit:common:18.11.0] AndroidManifest.xml:20:13-22:85
135                android:name="com.google.firebase.components:com.google.mlkit.common.internal.CommonComponentRegistrar"
135-->[com.google.mlkit:common:18.11.0] AndroidManifest.xml:21:17-120
136                android:value="com.google.firebase.components.ComponentRegistrar" />
136-->[com.google.mlkit:common:18.11.0] AndroidManifest.xml:22:17-82
137        </service>
138
139        <provider
139-->[com.google.mlkit:common:18.11.0] AndroidManifest.xml:9:9-13:38
140            android:name="com.google.mlkit.common.internal.MlKitInitProvider"
140-->[com.google.mlkit:common:18.11.0] AndroidManifest.xml:10:13-78
141            android:authorities="com.example.snaporia_test.mlkitinitprovider"
141-->[com.google.mlkit:common:18.11.0] AndroidManifest.xml:11:13-69
142            android:exported="false"
142-->[com.google.mlkit:common:18.11.0] AndroidManifest.xml:12:13-37
143            android:initOrder="99" />
143-->[com.google.mlkit:common:18.11.0] AndroidManifest.xml:13:13-35
144
145        <service
145-->[com.google.firebase:firebase-iid:20.1.5] AndroidManifest.xml:29:9-35:19
146            android:name="com.google.firebase.components.ComponentDiscoveryService"
146-->[com.google.firebase:firebase-iid:20.1.5] AndroidManifest.xml:30:13-84
147            android:directBootAware="true"
147-->[com.google.firebase:firebase-common:19.3.0] AndroidManifest.xml:34:13-43
148            android:exported="false" >
148-->[com.google.firebase:firebase-iid:20.1.5] AndroidManifest.xml:31:13-37
149            <meta-data
149-->[com.google.firebase:firebase-iid:20.1.5] AndroidManifest.xml:32:13-34:85
150                android:name="com.google.firebase.components:com.google.firebase.iid.Registrar"
150-->[com.google.firebase:firebase-iid:20.1.5] AndroidManifest.xml:33:17-96
151                android:value="com.google.firebase.components.ComponentRegistrar" />
151-->[com.google.firebase:firebase-iid:20.1.5] AndroidManifest.xml:34:17-82
152            <meta-data
152-->[com.google.firebase:firebase-installations:16.2.1] AndroidManifest.xml:17:13-19:85
153                android:name="com.google.firebase.components:com.google.firebase.installations.FirebaseInstallationsRegistrar"
153-->[com.google.firebase:firebase-installations:16.2.1] AndroidManifest.xml:18:17-127
154                android:value="com.google.firebase.components.ComponentRegistrar" />
154-->[com.google.firebase:firebase-installations:16.2.1] AndroidManifest.xml:19:17-82
155        </service>
156
157        <receiver
157-->[com.google.firebase:firebase-iid:20.1.5] AndroidManifest.xml:37:9-44:20
158            android:name="com.google.firebase.iid.FirebaseInstanceIdReceiver"
158-->[com.google.firebase:firebase-iid:20.1.5] AndroidManifest.xml:38:13-78
159            android:exported="true"
159-->[com.google.firebase:firebase-iid:20.1.5] AndroidManifest.xml:39:13-36
160            android:permission="com.google.android.c2dm.permission.SEND" >
160-->[com.google.firebase:firebase-iid:20.1.5] AndroidManifest.xml:40:13-73
161            <intent-filter>
161-->[com.google.firebase:firebase-iid:20.1.5] AndroidManifest.xml:41:13-43:29
162                <action android:name="com.google.android.c2dm.intent.RECEIVE" />
162-->[com.google.firebase:firebase-iid:20.1.5] AndroidManifest.xml:42:17-81
162-->[com.google.firebase:firebase-iid:20.1.5] AndroidManifest.xml:42:25-78
163            </intent-filter>
164        </receiver>
165
166        <activity
166-->[com.google.android.gms:play-services-base:18.5.0] AndroidManifest.xml:5:9-173
167            android:name="com.google.android.gms.common.api.GoogleApiActivity"
167-->[com.google.android.gms:play-services-base:18.5.0] AndroidManifest.xml:5:19-85
168            android:exported="false"
168-->[com.google.android.gms:play-services-base:18.5.0] AndroidManifest.xml:5:146-170
169            android:theme="@android:style/Theme.Translucent.NoTitleBar" />
169-->[com.google.android.gms:play-services-base:18.5.0] AndroidManifest.xml:5:86-145
170
171        <provider
171-->[com.google.firebase:firebase-common:19.3.0] AndroidManifest.xml:26:9-30:39
172            android:name="com.google.firebase.provider.FirebaseInitProvider"
172-->[com.google.firebase:firebase-common:19.3.0] AndroidManifest.xml:27:13-77
173            android:authorities="com.example.snaporia_test.firebaseinitprovider"
173-->[com.google.firebase:firebase-common:19.3.0] AndroidManifest.xml:28:13-72
174            android:exported="false"
174-->[com.google.firebase:firebase-common:19.3.0] AndroidManifest.xml:29:13-37
175            android:initOrder="100" />
175-->[com.google.firebase:firebase-common:19.3.0] AndroidManifest.xml:30:13-36
176
177        <meta-data
177-->[com.google.android.gms:play-services-basement:18.4.0] AndroidManifest.xml:6:9-122
178            android:name="com.google.android.gms.version"
178-->[com.google.android.gms:play-services-basement:18.4.0] AndroidManifest.xml:6:20-65
179            android:value="@integer/google_play_services_version" />
179-->[com.google.android.gms:play-services-basement:18.4.0] AndroidManifest.xml:6:66-119
180
181        <uses-library
181-->[androidx.window:window:1.2.0] AndroidManifest.xml:23:9-25:40
182            android:name="androidx.window.extensions"
182-->[androidx.window:window:1.2.0] AndroidManifest.xml:24:13-54
183            android:required="false" />
183-->[androidx.window:window:1.2.0] AndroidManifest.xml:25:13-37
184        <uses-library
184-->[androidx.window:window:1.2.0] AndroidManifest.xml:26:9-28:40
185            android:name="androidx.window.sidecar"
185-->[androidx.window:window:1.2.0] AndroidManifest.xml:27:13-51
186            android:required="false" />
186-->[androidx.window:window:1.2.0] AndroidManifest.xml:28:13-37
187
188        <provider
188-->[androidx.emoji2:emoji2:1.2.0] AndroidManifest.xml:24:9-32:20
189            android:name="androidx.startup.InitializationProvider"
189-->[androidx.emoji2:emoji2:1.2.0] AndroidManifest.xml:25:13-67
190            android:authorities="com.example.snaporia_test.androidx-startup"
190-->[androidx.emoji2:emoji2:1.2.0] AndroidManifest.xml:26:13-68
191            android:exported="false" >
191-->[androidx.emoji2:emoji2:1.2.0] AndroidManifest.xml:27:13-37
192            <meta-data
192-->[androidx.emoji2:emoji2:1.2.0] AndroidManifest.xml:29:13-31:52
193                android:name="androidx.emoji2.text.EmojiCompatInitializer"
193-->[androidx.emoji2:emoji2:1.2.0] AndroidManifest.xml:30:17-75
194                android:value="androidx.startup" />
194-->[androidx.emoji2:emoji2:1.2.0] AndroidManifest.xml:31:17-49
195            <meta-data
195-->[androidx.lifecycle:lifecycle-process:2.7.0] AndroidManifest.xml:29:13-31:52
196                android:name="androidx.lifecycle.ProcessLifecycleInitializer"
196-->[androidx.lifecycle:lifecycle-process:2.7.0] AndroidManifest.xml:30:17-78
197                android:value="androidx.startup" />
197-->[androidx.lifecycle:lifecycle-process:2.7.0] AndroidManifest.xml:31:17-49
198            <meta-data
198-->[androidx.profileinstaller:profileinstaller:1.3.1] AndroidManifest.xml:29:13-31:52
199                android:name="androidx.profileinstaller.ProfileInstallerInitializer"
199-->[androidx.profileinstaller:profileinstaller:1.3.1] AndroidManifest.xml:30:17-85
200                android:value="androidx.startup" />
200-->[androidx.profileinstaller:profileinstaller:1.3.1] AndroidManifest.xml:31:17-49
201        </provider>
202
203        <receiver
203-->[androidx.profileinstaller:profileinstaller:1.3.1] AndroidManifest.xml:34:9-52:20
204            android:name="androidx.profileinstaller.ProfileInstallReceiver"
204-->[androidx.profileinstaller:profileinstaller:1.3.1] AndroidManifest.xml:35:13-76
205            android:directBootAware="false"
205-->[androidx.profileinstaller:profileinstaller:1.3.1] AndroidManifest.xml:36:13-44
206            android:enabled="true"
206-->[androidx.profileinstaller:profileinstaller:1.3.1] AndroidManifest.xml:37:13-35
207            android:exported="true"
207-->[androidx.profileinstaller:profileinstaller:1.3.1] AndroidManifest.xml:38:13-36
208            android:permission="android.permission.DUMP" >
208-->[androidx.profileinstaller:profileinstaller:1.3.1] AndroidManifest.xml:39:13-57
209            <intent-filter>
209-->[androidx.profileinstaller:profileinstaller:1.3.1] AndroidManifest.xml:40:13-42:29
210                <action android:name="androidx.profileinstaller.action.INSTALL_PROFILE" />
210-->[androidx.profileinstaller:profileinstaller:1.3.1] AndroidManifest.xml:41:17-91
210-->[androidx.profileinstaller:profileinstaller:1.3.1] AndroidManifest.xml:41:25-88
211            </intent-filter>
212            <intent-filter>
212-->[androidx.profileinstaller:profileinstaller:1.3.1] AndroidManifest.xml:43:13-45:29
213                <action android:name="androidx.profileinstaller.action.SKIP_FILE" />
213-->[androidx.profileinstaller:profileinstaller:1.3.1] AndroidManifest.xml:44:17-85
213-->[androidx.profileinstaller:profileinstaller:1.3.1] AndroidManifest.xml:44:25-82
214            </intent-filter>
215            <intent-filter>
215-->[androidx.profileinstaller:profileinstaller:1.3.1] AndroidManifest.xml:46:13-48:29
216                <action android:name="androidx.profileinstaller.action.SAVE_PROFILE" />
216-->[androidx.profileinstaller:profileinstaller:1.3.1] AndroidManifest.xml:47:17-88
216-->[androidx.profileinstaller:profileinstaller:1.3.1] AndroidManifest.xml:47:25-85
217            </intent-filter>
218            <intent-filter>
218-->[androidx.profileinstaller:profileinstaller:1.3.1] AndroidManifest.xml:49:13-51:29
219                <action android:name="androidx.profileinstaller.action.BENCHMARK_OPERATION" />
219-->[androidx.profileinstaller:profileinstaller:1.3.1] AndroidManifest.xml:50:17-95
219-->[androidx.profileinstaller:profileinstaller:1.3.1] AndroidManifest.xml:50:25-92
220            </intent-filter>
221        </receiver>
222
223        <service
223-->[com.google.android.datatransport:transport-backend-cct:2.3.3] AndroidManifest.xml:29:9-35:19
224            android:name="com.google.android.datatransport.runtime.backends.TransportBackendDiscovery"
224-->[com.google.android.datatransport:transport-backend-cct:2.3.3] AndroidManifest.xml:30:13-103
225            android:exported="false" >
225-->[com.google.android.datatransport:transport-backend-cct:2.3.3] AndroidManifest.xml:31:13-37
226            <meta-data
226-->[com.google.android.datatransport:transport-backend-cct:2.3.3] AndroidManifest.xml:32:13-34:39
227                android:name="backend:com.google.android.datatransport.cct.CctBackendFactory"
227-->[com.google.android.datatransport:transport-backend-cct:2.3.3] AndroidManifest.xml:33:17-94
228                android:value="cct" />
228-->[com.google.android.datatransport:transport-backend-cct:2.3.3] AndroidManifest.xml:34:17-36
229        </service>
230        <service
230-->[com.google.android.datatransport:transport-runtime:2.2.6] AndroidManifest.xml:26:9-30:19
231            android:name="com.google.android.datatransport.runtime.scheduling.jobscheduling.JobInfoSchedulerService"
231-->[com.google.android.datatransport:transport-runtime:2.2.6] AndroidManifest.xml:27:13-117
232            android:exported="false"
232-->[com.google.android.datatransport:transport-runtime:2.2.6] AndroidManifest.xml:28:13-37
233            android:permission="android.permission.BIND_JOB_SERVICE" >
233-->[com.google.android.datatransport:transport-runtime:2.2.6] AndroidManifest.xml:29:13-69
234        </service>
235
236        <receiver
236-->[com.google.android.datatransport:transport-runtime:2.2.6] AndroidManifest.xml:32:9-34:40
237            android:name="com.google.android.datatransport.runtime.scheduling.jobscheduling.AlarmManagerSchedulerBroadcastReceiver"
237-->[com.google.android.datatransport:transport-runtime:2.2.6] AndroidManifest.xml:33:13-132
238            android:exported="false" />
238-->[com.google.android.datatransport:transport-runtime:2.2.6] AndroidManifest.xml:34:13-37
239    </application>
240
241</manifest>